/home/ubuntu/.openclaw/workspace/GenAI-news-site/auto_post.py:39: DeprecationWarning: datetime.datetime.utcnow() is deprecated and scheduled for removal in a future version. Use timezone-aware objects to represent datetimes in UTC: datetime.datetime.now(datetime.UTC).
  date_str = datetime.utcnow().strftime('%Y-%m-%dT%H:%M:%SZ')
[main 1a6db3d33] feat: Auto-post ibms-consulting-edge-faces-ai-disruptionwill-defen.md
 1 file changed, 9 insertions(+)
 create mode 100644 content/posts/ibms-consulting-edge-faces-ai-disruptionwill-defen.md
To https://github.com/TheThinker0314/GenAI-news-site.git
 ! [remote rejected]     main -> main (cannot lock ref 'refs/heads/main': is at a45853aa2173030d5f52a8b3d64ac506d47a1e47 but expected eb8cf9020980836360dcccdb396ff7a63b31e81c)
error: failed to push some refs to 'https://github.com/TheThinker0314/GenAI-news-site.git'
Created post: ibms-consulting-edge-faces-ai-disruptionwill-defen.md
Error: Command '['git', 'push', 'origin', 'main']' returned non-zero exit status 1.
No new items.
/home/ubuntu/.openclaw/workspace/GenAI-news-site/auto_post.py:39: DeprecationWarning: datetime.datetime.utcnow() is deprecated and scheduled for removal in a future version. Use timezone-aware objects to represent datetimes in UTC: datetime.datetime.now(datetime.UTC).
  date_str = datetime.utcnow().strftime('%Y-%m-%dT%H:%M:%SZ')
[main 5311e4050] feat: Auto-post sun-peaks-independent-news-ai-policy---sun-peaks-i.md
 1 file changed, 9 insertions(+)
 create mode 100644 content/posts/sun-peaks-independent-news-ai-policy---sun-peaks-i.md
To https://github.com/TheThinker0314/GenAI-news-site.git
   57a67a7c4..5311e4050  main -> main
Created post: sun-peaks-independent-news-ai-policy---sun-peaks-i.md
/home/ubuntu/.openclaw/workspace/GenAI-news-site/auto_post.py:39: DeprecationWarning: datetime.datetime.utcnow() is deprecated and scheduled for removal in a future version. Use timezone-aware objects to represent datetimes in UTC: datetime.datetime.now(datetime.UTC).
  date_str = datetime.utcnow().strftime('%Y-%m-%dT%H:%M:%SZ')
[main 6a467ba69] feat: Auto-post is-the-politicization-of-generative-ai-inevitable-.md
 1 file changed, 9 insertions(+)
 create mode 100644 content/posts/is-the-politicization-of-generative-ai-inevitable-.md
To https://github.com/TheThinker0314/GenAI-news-site.git
   89fba3725..6a467ba69  main -> main
Created post: is-the-politicization-of-generative-ai-inevitable-.md
/home/ubuntu/.openclaw/workspace/GenAI-news-site/auto_post.py:39: DeprecationWarning: datetime.datetime.utcnow() is deprecated and scheduled for removal in a future version. Use timezone-aware objects to represent datetimes in UTC: datetime.datetime.now(datetime.UTC).
  date_str = datetime.utcnow().strftime('%Y-%m-%dT%H:%M:%SZ')
[main d6034c5e4] feat: Auto-post south-koreas-medical-ai-approvals-surge-25-fold--.md
 1 file changed, 9 insertions(+)
 create mode 100644 content/posts/south-koreas-medical-ai-approvals-surge-25-fold--.md
To https://github.com/TheThinker0314/GenAI-news-site.git
 ! [remote rejected]     main -> main (cannot lock ref 'refs/heads/main': is at d6034c5e4ce89faea95b9d9e73ddb45b08a4ed26 but expected 6a467ba69bc201a1cd52f0b1ecd701bf41f8fc68)
error: failed to push some refs to 'https://github.com/TheThinker0314/GenAI-news-site.git'
Created post: south-koreas-medical-ai-approvals-surge-25-fold--.md
Error: Command '['git', 'push', 'origin', 'main']' returned non-zero exit status 1.
